<?xml version="1.0" encoding="UTF-8"?>
<testng-results ignored="0" total="1" passed="1" failed="0" skipped="0">
  <reporter-output>
    <line>
      <![CDATA[Connect DB is successful!!]]>
    </line>
    <line>
      <![CDATA[Pre conditions]]>
    </line>
    <line>
      <![CDATA[launching Browser]]>
    </line>
    <line>
      <![CDATA[Select campaign from drop down is successful!!]]>
    </line>
    <line>
      <![CDATA[Enter Campaign ID is successful!!]]>
    </line>
    <line>
      <![CDATA[Browser is closed successfully!!]]>
    </line>
    <line>
      <![CDATA[Post Conditions]]>
    </line>
    <line>
      <![CDATA[Disconnect DB is successful!!]]>
    </line>
  </reporter-output>
  <suite started-at="2025-12-10T10:34:49 IST" name="Suite1" finished-at="2025-12-10T10:35:18 IST" duration-ms="29192">
    <groups>
    </groups>
    <test started-at="2025-12-10T10:34:49 IST" name="AssignementTests1" finished-at="2025-12-10T10:35:18 IST" duration-ms="29192">
      <class name="com.crm.testscripts.CreateContactTest">
        <test-method is-config="true" signature="beforeSuite()[pri:0, instance:com.crm.testscripts.CreateContactTest@51e69659]" started-at="2025-12-10T10:34:48 IST" name="beforeSuite" finished-at="2025-12-10T10:34:49 IST" duration-ms="114" status="PASS">
          <reporter-output>
            <line>
              <![CDATA[Connect DB is successful!!]]>
            </line>
          </reporter-output>
        </test-method> <!-- beforeSuite -->
        <test-method is-config="true" signature="beforeTest()[pri:0, instance:com.crm.testscripts.CreateContactTest@51e69659]" started-at="2025-12-10T10:34:49 IST" name="beforeTest" finished-at="2025-12-10T10:34:49 IST" duration-ms="4" status="PASS">
          <reporter-output>
            <line>
              <![CDATA[Pre conditions]]>
            </line>
          </reporter-output>
        </test-method> <!-- beforeTest -->
        <test-method is-config="true" signature="beforeClass()[pri:0, instance:com.crm.testscripts.CreateContactTest@51e69659]" started-at="2025-12-10T10:34:49 IST" name="beforeClass" finished-at="2025-12-10T10:34:52 IST" duration-ms="2934" status="PASS">
          <reporter-output>
            <line>
              <![CDATA[launching Browser]]>
            </line>
          </reporter-output>
        </test-method> <!-- beforeClass -->
        <test-method is-config="true" signature="loginApplication()[pri:0, instance:com.crm.testscripts.CreateContactTest@51e69659]" started-at="2025-12-10T10:34:54 IST" name="loginApplication" finished-at="2025-12-10T10:34:57 IST" duration-ms="2658" status="PASS">
          <reporter-output>
          </reporter-output>
        </test-method> <!-- loginApplication -->
        <test-method signature="createCampaignWithMandatoryDetails(java.lang.String)[pri:0, instance:com.crm.testscripts.CreateContactTest@51e69659]" started-at="2025-12-10T10:34:57 IST" name="createCampaignWithMandatoryDetails" data-provider="loginDetails" finished-at="2025-12-10T10:35:14 IST" duration-ms="17032" status="PASS">
          <params>
            <param index="0">
              <value>
                <![CDATA[10]]>
              </value>
            </param>
          </params>
          <reporter-output>
            <line>
              <![CDATA[Select campaign from drop down is successful!!]]>
            </line>
            <line>
              <![CDATA[Enter Campaign ID is successful!!]]>
            </line>
          </reporter-output>
        </test-method> <!-- createCampaignWithMandatoryDetails -->
        <test-method is-config="true" signature="logoutApplication()[pri:0, instance:com.crm.testscripts.CreateContactTest@51e69659]" started-at="2025-12-10T10:35:14 IST" name="logoutApplication" finished-at="2025-12-10T10:35:17 IST" duration-ms="3482" status="PASS">
          <reporter-output>
          </reporter-output>
        </test-method> <!-- logoutApplication -->
        <test-method is-config="true" signature="closeBrowser()[pri:0, instance:com.crm.testscripts.CreateContactTest@51e69659]" started-at="2025-12-10T10:35:17 IST" name="closeBrowser" finished-at="2025-12-10T10:35:18 IST" duration-ms="603" status="PASS">
          <reporter-output>
            <line>
              <![CDATA[Browser is closed successfully!!]]>
            </line>
          </reporter-output>
        </test-method> <!-- closeBrowser -->
        <test-method is-config="true" signature="afterTest()[pri:0, instance:com.crm.testscripts.CreateContactTest@51e69659]" started-at="2025-12-10T10:35:18 IST" name="afterTest" finished-at="2025-12-10T10:35:18 IST" duration-ms="5" status="PASS">
          <reporter-output>
            <line>
              <![CDATA[Post Conditions]]>
            </line>
          </reporter-output>
        </test-method> <!-- afterTest -->
        <test-method is-config="true" signature="afterSuite()[pri:0, instance:com.crm.testscripts.CreateContactTest@51e69659]" started-at="2025-12-10T10:35:18 IST" name="afterSuite" finished-at="2025-12-10T10:35:18 IST" duration-ms="3" status="PASS">
          <reporter-output>
            <line>
              <![CDATA[Disconnect DB is successful!!]]>
            </line>
          </reporter-output>
        </test-method> <!-- afterSuite -->
      </class> <!-- com.crm.testscripts.CreateContactTest -->
    </test> <!-- AssignementTests1 -->
  </suite> <!-- Suite1 -->
</testng-results>
