<?xml version="1.0" encoding="UTF-8"?>
<!-- Generated by org.testng.reporters.JUnitReportReporter -->
<testsuite hostname="Shekhar" failures="0" tests="1" name="com.crm.testscripts.CreateContactTest" time="23.172" errors="0" timestamp="2025-12-10T10:35:18 IST" skipped="0">
  <testcase classname="com.crm.testscripts.CreateContactTest" name="createCampaignWithMandatoryDetails" time="23.172">
    <system-out>
      <![CDATA[Select campaign from drop down is successful!!
Enter Campaign ID is successful!!]]>
    </system-out>
  </testcase> <!-- createCampaignWithMandatoryDetails -->
  <system-out>
    <![CDATA[Connect DB is successful!!
Pre conditions
launching Browser
Select campaign from drop down is successful!!
Enter Campaign ID is successful!!
Browser is closed successfully!!
Post Conditions
Disconnect DB is successful!!]]>
  </system-out>
</testsuite> <!-- com.crm.testscripts.CreateContactTest -->
