<?xml version="1.0" encoding="UTF-8"?>
<!-- Generated by org.testng.reporters.JUnitReportReporter -->
<testsuite hostname="Shekhar" failures="0" tests="1" name="com.crm.testscripts.CreateCampaignWithExpectedClosedDateTest" time="10.839" errors="0" timestamp="2025-12-09T23:42:01 IST" skipped="0">
  <testcase classname="com.crm.testscripts.CreateCampaignWithExpectedClosedDateTest" name="createCampaignWithExpectedClosedDate" time="10.839"/>
  <system-out>
    <![CDATA[Connect DB is successful!!
Pre conditions
Pre conditions
launching Browser
launching Browser
Driver is: ChromeDriver: chrome on windows (42a5576ccb679ba1a2f044cba7cc333d)
Browser is closed successfully!!
Post Conditions
Browser is closed successfully!!
Post Conditions
Disconnect DB is successful!!]]>
  </system-out>
</testsuite> <!-- com.crm.testscripts.CreateCampaignWithExpectedClosedDateTest -->
